<?xml version="1.0" encoding="UTF-8"?>
<!-- Generated by org.testng.reporters.JUnitReportReporter -->
<testsuite hostname="RavinPC" failures="0" tests="3" name="testCases.TC004_SearchTest" time="5.233" errors="0" timestamp="2024-11-01T21:08:26 IST" skipped="0">
  <testcase classname="testCases.TC004_SearchTest" name="verifyValidProductSearchTest" time="3.188"/>
  <testcase classname="testCases.TC004_SearchTest" name="verifyInvalidProductSearchTest" time="1.131"/>
  <testcase classname="testCases.TC004_SearchTest" name="verifyEmptyProductSearchTest" time="0.914"/>
</testsuite> <!-- testCases.TC004_SearchTest -->
