<?xml version="1.0" encoding="UTF-8"?>
<!-- Generated by org.testng.reporters.JUnitReportReporter -->
<testsuite hostname="RavinPC" failures="0" tests="3" name="testCases.TC004_SearchTest" time="6.139" errors="0" timestamp="2024-11-12T23:43:11 IST" skipped="0">
  <testcase classname="testCases.TC004_SearchTest" name="verifyValidProductSearchTest" time="3.932"/>
  <testcase classname="testCases.TC004_SearchTest" name="verifyInvalidProductSearchTest" time="1.147"/>
  <testcase classname="testCases.TC004_SearchTest" name="verifyEmptyProductSearchTest" time="1.060"/>
</testsuite> <!-- testCases.TC004_SearchTest -->
