<?xml version="1.0" encoding="UTF-8"?>
<!-- Generated by org.testng.reporters.JUnitReportReporter -->
<testsuite hostname="RavinPC" failures="0" tests="2" name="testCases.TC009_ShoppingCartTest" time="8.380" errors="0" timestamp="2024-11-13T22:44:04 IST" skipped="0">
  <testcase classname="testCases.TC009_ShoppingCartTest" name="verifyNavigationFromShoppingcartHeaderLink" time="4.010"/>
  <testcase classname="testCases.TC009_ShoppingCartTest" name="verifyNavigationFromFooterSitemap" time="4.370"/>
</testsuite> <!-- testCases.TC009_ShoppingCartTest -->
