<?xml version="1.0" encoding="UTF-8"?>
<!-- Generated by org.testng.reporters.JUnitReportReporter -->
<testsuite hostname="RavinPC" failures="0" tests="1" name="testCases.TC001_AccountRegistrationTest" time="4.656" errors="0" timestamp="2024-10-29T20:27:41 IST" skipped="0">
  <testcase classname="testCases.TC001_AccountRegistrationTest" name="verify_account_registration" time="4.656"/>
</testsuite> <!-- testCases.TC001_AccountRegistrationTest -->
