<?xml version="1.0" encoding="UTF-8"?>
<!-- Generated by org.testng.reporters.JUnitReportReporter -->
<testsuite hostname="RavinPC" failures="0" tests="1" name="testCases.TC008_AddToCartTest" time="3.505" errors="0" timestamp="2024-11-15T00:06:24 IST" skipped="0">
  <testcase classname="testCases.TC008_AddToCartTest" name="verifyAddtoCartFromSearchResultsPage" time="3.505"/>
</testsuite> <!-- testCases.TC008_AddToCartTest -->
