<?xml version="1.0" encoding="UTF-8"?>
<!-- Generated by org.testng.reporters.JUnitReportReporter -->
<testsuite hostname="RavinPC" failures="0" tests="2" name="testCases.TC007_PDPTest" time="12.953" errors="0" timestamp="2024-11-13T00:04:25 IST" skipped="0">
  <testcase classname="testCases.TC007_PDPTest" name="verifyPDPThumnails" time="7.582"/>
  <testcase classname="testCases.TC007_PDPTest" name="verifyProductDetails" time="5.371"/>
</testsuite> <!-- testCases.TC007_PDPTest -->
