<?xml version="1.0" encoding="UTF-8"?>
<!-- Generated by org.testng.reporters.JUnitReportReporter -->
<testsuite hostname="RavinPC" failures="0" tests="1" name="testCases.TC002_LoginTest" time="2.371" errors="0" timestamp="2024-11-12T23:31:55 IST" skipped="0">
  <testcase classname="testCases.TC002_LoginTest" name="verify_login" time="2.371"/>
</testsuite> <!-- testCases.TC002_LoginTest -->
