<?xml version="1.0" encoding="UTF-8"?>
<!-- Generated by org.testng.reporters.JUnitReportReporter -->
<testsuite hostname="RavinPC" failures="0" tests="1" name="testCases.TC008_AddToCartTest" time="3.994" errors="0" timestamp="2024-11-13T22:43:30 IST" skipped="0">
  <testcase classname="testCases.TC008_AddToCartTest" name="verifyAddtoCartFromSearchResultsPage" time="3.994"/>
</testsuite> <!-- testCases.TC008_AddToCartTest -->
