<?xml version="1.0" encoding="UTF-8"?>
<!-- Generated by org.testng.reporters.JUnitReportReporter -->
<testsuite hostname="RavinPC" failures="0" tests="2" name="testCases.TC004_SearchTest" time="5.463" errors="0" timestamp="2024-12-15T12:45:22 IST" skipped="0">
  <testcase classname="testCases.TC004_SearchTest" name="verifyValidProductSearchTest" time="2.823"/>
  <testcase classname="testCases.TC004_SearchTest" name="verifyInvalidProductSearchTest" time="2.640"/>
</testsuite> <!-- testCases.TC004_SearchTest -->
