<?xml version="1.0" encoding="UTF-8"?>
<!-- Generated by org.testng.reporters.JUnitReportReporter -->
<testsuite hostname="RavinPC" failures="0" tests="3" name="testCases.TC004_SearchTest" time="4.254" errors="0" timestamp="2024-11-01T20:39:16 IST" skipped="0">
  <testcase classname="testCases.TC004_SearchTest" name="verifyValidProductSearchTest" time="2.443"/>
  <testcase classname="testCases.TC004_SearchTest" name="verifyInvalidProductSearchTest" time="0.991"/>
  <testcase classname="testCases.TC004_SearchTest" name="verifyEmptyProductSearchTest" time="0.820"/>
</testsuite> <!-- testCases.TC004_SearchTest -->
