<?xml version="1.0" encoding="UTF-8"?>
<!-- Generated by org.testng.reporters.JUnitReportReporter -->
<testsuite hostname="RavinPC" failures="0" tests="1" name="testCases.TC011_CheckoutTest" time="6.487" errors="0" timestamp="2024-11-15T00:06:24 IST" skipped="0">
  <testcase classname="testCases.TC011_CheckoutTest" name="verify_CheckOut_With_ExistingAddress" time="6.487"/>
</testsuite> <!-- testCases.TC011_CheckoutTest -->
