<?xml version="1.0" encoding="UTF-8"?>
<!-- Generated by org.testng.reporters.JUnitReportReporter -->
<testsuite hostname="RavinPC" failures="0" tests="1" name="testCases.TC007_PDPTest" time="10.573" errors="0" timestamp="2024-11-03T20:55:59 IST" skipped="0">
  <testcase classname="testCases.TC007_PDPTest" name="verifyPDPThumnails" time="10.573"/>
</testsuite> <!-- testCases.TC007_PDPTest -->
