<?xml version="1.0" encoding="UTF-8"?>
<!-- Generated by org.testng.reporters.JUnitReportReporter -->
<testsuite hostname="RavinPC" failures="0" tests="1" name="testCases.TC008_AddToCartTest" time="3.353" errors="0" timestamp="2024-11-05T00:56:40 IST" skipped="0">
  <testcase classname="testCases.TC008_AddToCartTest" name="verifyAddtoCartFromSearchResultsPage" time="3.353"/>
</testsuite> <!-- testCases.TC008_AddToCartTest -->
