<?xml version="1.0" encoding="UTF-8"?>
<!-- Generated by org.testng.reporters.JUnitReportReporter -->
<testsuite hostname="RavinPC" failures="0" tests="1" name="testCases.TC010_HomePageTest" time="5.787" errors="0" timestamp="2024-11-15T00:06:24 IST" skipped="0">
  <testcase classname="testCases.TC010_HomePageTest" name="verify_Homepage_navigation_from_shoppingcart" time="5.787"/>
</testsuite> <!-- testCases.TC010_HomePageTest -->
