<?xml version="1.0" encoding="UTF-8"?>
<!-- Generated by org.testng.reporters.JUnitReportReporter -->
<testsuite hostname="RavinPC" failures="0" tests="2" name="testCases.TC007_PDPTest" time="10.284" errors="0" timestamp="2024-12-15T12:45:22 IST" skipped="0">
  <testcase classname="testCases.TC007_PDPTest" name="verifyPDPThumbnails" time="6.773"/>
  <testcase classname="testCases.TC007_PDPTest" name="verifyProductDetails" time="3.511"/>
</testsuite> <!-- testCases.TC007_PDPTest -->
