<?xml version="1.0" encoding="UTF-8"?>
<!-- Generated by org.testng.reporters.JUnitReportReporter -->
<testsuite hostname="RavinPC" failures="0" tests="2" name="testCases.TC007_PDPTest" time="16.095" errors="0" timestamp="2024-11-04T23:59:25 IST" skipped="0">
  <testcase classname="testCases.TC007_PDPTest" name="verifyPDPThumnails" time="11.214"/>
  <testcase classname="testCases.TC007_PDPTest" name="verifyProductDetails" time="4.881"/>
</testsuite> <!-- testCases.TC007_PDPTest -->
