<?xml version="1.0" encoding="UTF-8"?>
<!-- Generated by org.testng.reporters.JUnitReportReporter -->
<testsuite hostname="RavinPC" failures="0" tests="1" name="testCases.TC006_ProductCompareTest" time="4.623" errors="0" timestamp="2024-11-13T22:42:19 IST" skipped="0">
  <testcase classname="testCases.TC006_ProductCompareTest" name="verifyProductCompareWith" time="4.623"/>
</testsuite> <!-- testCases.TC006_ProductCompareTest -->
