<?xml version="1.0" encoding="UTF-8"?>
<!-- Generated by org.testng.reporters.JUnitReportReporter -->
<testsuite hostname="RavinPC" failures="0" tests="3" name="testCases.TC009_ShoppingCartTest" time="11.416" errors="0" timestamp="2024-11-06T01:01:52 IST" skipped="0">
  <testcase classname="testCases.TC009_ShoppingCartTest" name="verifyNavigationFromSuccessMessage" time="4.113"/>
  <testcase classname="testCases.TC009_ShoppingCartTest" name="verifyNavigationFromShoppingcartHeaderLink" time="3.257"/>
  <testcase classname="testCases.TC009_ShoppingCartTest" name="verifyNavigationFromFooterSitemap" time="4.046"/>
</testsuite> <!-- testCases.TC009_ShoppingCartTest -->
