<?xml version="1.0" encoding="UTF-8"?>
<!-- Generated by org.testng.reporters.JUnitReportReporter -->
<testsuite hostname="RavinPC" failures="0" tests="1" name="testCases.TC001_AccountRegistrationTest" time="4.921" errors="0" timestamp="2024-11-12T23:35:08 IST" skipped="0">
  <testcase classname="testCases.TC001_AccountRegistrationTest" name="verify_account_registration" time="4.921"/>
</testsuite> <!-- testCases.TC001_AccountRegistrationTest -->
