<?xml version="1.0" encoding="UTF-8"?>
<!-- Generated by org.testng.reporters.JUnitReportReporter -->
<testsuite hostname="RavinPC" failures="0" tests="2" name="testCases.TC009_ShoppingCartTest" time="9.536" errors="0" timestamp="2024-11-13T00:18:14 IST" skipped="0">
  <testcase classname="testCases.TC009_ShoppingCartTest" name="verifyNavigationFromShoppingcartHeaderLink" time="4.724"/>
  <testcase classname="testCases.TC009_ShoppingCartTest" name="verifyNavigationFromFooterSitemap" time="4.812"/>
</testsuite> <!-- testCases.TC009_ShoppingCartTest -->
